<?xml version="1.0" encoding="UTF-8"?>
<!-- Generated by org.testng.reporters.JUnitReportReporter -->
<testsuite skipped="0" hostname="USER" name="com.swipbox.testcases.EmailLogin" tests="1" failures="0" timestamp="27 May 2019 05:19:47 GMT" time="8.285" errors="0">
  <testcase name="emailLogin" time="8.285" classname="com.swipbox.testcases.EmailLogin"/>
</testsuite> <!-- com.swipbox.testcases.EmailLogin -->
